<?xml version="1.0" encoding="UTF-8"?>
<!-- Generated by org.testng.reporters.JUnitReportReporter -->
<testsuite hostname="LT0167069" failures="0" tests="2" name="selenium.testngDemo.TestNGtest" time="0.009" errors="0" timestamp="2022-10-20T17:24:39 IST" skipped="0">
  <testcase classname="selenium.testngDemo.TestNGtest" name="TC2" time="0.003"/>
  <system-out>
    <![CDATA[Test Case 2]]>
  </system-out>
  <testcase classname="selenium.testngDemo.TestNGtest" name="TC1" time="0.006"/>
  <system-out>
    <![CDATA[Test Case 1]]>
  </system-out>
</testsuite> <!-- selenium.testngDemo.TestNGtest -->
