<?xml version="1.0" encoding="UTF-8"?>
<!-- Generated by org.testng.reporters.JUnitReportReporter -->
<testsuite hostname="DESKTOP-7G4UPHQ" failures="0" tests="1" name="New.LoginTest" time="48.073" errors="0" timestamp="2022-10-20T00:35:18 IST" skipped="0">
  <testcase classname="New.LoginTest" name="loginErrorTest" time="48.073"/>
  <system-out/>
</testsuite> <!-- New.LoginTest -->
