<?xml version="1.0" encoding="UTF-8"?>
<!-- Generated by org.testng.reporters.JUnitReportReporter -->
<testsuite hostname="DESKTOP-7G4UPHQ" failures="0" tests="2" name="New.TestNGtest" time="0.021" errors="0" timestamp="2022-10-20T00:28:25 IST" skipped="0">
  <testcase classname="New.TestNGtest" name="TC2" time="0.007"/>
  <system-out>
    <![CDATA[Test Case 2]]>
  </system-out>
  <testcase classname="New.TestNGtest" name="TC1" time="0.014"/>
  <system-out>
    <![CDATA[Test Case 1]]>
  </system-out>
</testsuite> <!-- New.TestNGtest -->
