<?xml version="1.0" encoding="UTF-8"?>
<!-- Generated by org.testng.reporters.JUnitReportReporter -->
<testsuite skipped="0" hostname="DESKTOP-2VDQPNC" name="selenium.datadriven.ReadUsingExcel" tests="1" failures="0" timestamp="20 Oct 2022 04:57:04 GMT" time="51.129" errors="0">
  <testcase name="login" time="51.129" classname="selenium.datadriven.ReadUsingExcel"/>
</testsuite> <!-- selenium.datadriven.ReadUsingExcel -->
