<?xml version="1.0" encoding="UTF-8"?>
<!-- Generated by org.testng.reporters.JUnitReportReporter -->
<testsuite hostname="LT0098186" failures="0" tests="2" name="selenium.testngDemo.TestNGtest" time="0.014" errors="0" timestamp="2022-10-01T23:49:41 IST" skipped="0">
  <testcase classname="selenium.testngDemo.TestNGtest" name="TC2" time="0.003"/>
  <system-out>
Test Case 2  </system-out>
  <testcase classname="selenium.testngDemo.TestNGtest" name="TC1" time="0.011"/>
  <system-out>
Test Case 1  </system-out>
</testsuite> <!-- selenium.testngDemo.TestNGtest -->
