<?xml version="1.0" encoding="UTF-8"?>
<!-- Generated by org.testng.reporters.JUnitReportReporter -->
<testsuite hostname="LT0098186" failures="0" tests="1" name="testscripts.TestNGSanitytest" time="2.340" errors="0" timestamp="2022-10-01T23:52:40 IST" skipped="0">
  <testcase classname="testscripts.TestNGSanitytest" name="verifypage" time="2.340"/>
  <system-out>
Verifing page  </system-out>
</testsuite> <!-- testscripts.TestNGSanitytest -->
